\BOOKMARK [1][-]{section.1}{1\040Reading\0409:\040Correlation\040and\040Regressions}{}% 1
\BOOKMARK [2][-]{subsection.1.1}{1.1\040Sample\040covar\040and\040sample\040correlation\040coefficients}{section.1}% 2
\BOOKMARK [2][-]{subsection.1.2}{1.2\040Limtations\040to\040correlations\040analysis}{section.1}% 3
\BOOKMARK [2][-]{subsection.1.3}{1.3\040Hypothesis:\040determine\040if\040the\040population\040correlation\040coefficient\040is\040zero}{section.1}% 4
\BOOKMARK [2][-]{subsection.1.4}{1.4\040Determine\040dependent/indepedent\040variables\040in\040a\040linear\040regression}{section.1}% 5
\BOOKMARK [2][-]{subsection.1.5}{1.5\040Assumptions\040in\040linear\040regression\040and\040interpret\040regression\040coeff.}{section.1}% 6
\BOOKMARK [2][-]{subsection.1.6}{1.6\040Standard\040error\040of\040estimate,\040the\040coeff.\040of\040determination\040and\040a\040confidence\040interval\040for\040a\040regression\040coefficient.}{section.1}% 7
\BOOKMARK [2][-]{subsection.1.7}{1.7\040Hypothesis:\040Determine\040if\040b1=b1}{section.1}% 8
\BOOKMARK [2][-]{subsection.1.8}{1.8\040Calculate\040the\040predicted\040value\040for\040the\040depedent\040variable}{section.1}% 9
\BOOKMARK [2][-]{subsection.1.9}{1.9\040Calculate\040and\040interpret\040a\040confidence\040interval\040for\040the\040predicted\040value\040of\040the\040depedent\040variable}{section.1}% 10
\BOOKMARK [2][-]{subsection.1.10}{1.10\040ANOVA\040in\040regression.\040Interpret\040results,\040and\040calculate\040F-statistic}{section.1}% 11
\BOOKMARK [2][-]{subsection.1.11}{1.11\040Limitations\040of\040regression\040analysis}{section.1}% 12
\BOOKMARK [1][-]{section.2}{2\040Reading\04010:\040Multiple\040Regression\040and\040Issues\040in\040Regression\040Analysis}{}% 13
\BOOKMARK [2][-]{subsection.2.1}{2.1\040Interpret\040estimated\040regression\040coefficients\040and\040their\040p-values.}{section.2}% 14
\BOOKMARK [2][-]{subsection.2.2}{2.2\040Formulate\040a\040null/alternative\040hypothesis,\040do\040correspoding\040calculations}{section.2}% 15
\BOOKMARK [2][-]{subsection.2.3}{2.3\040Calculate\040and\040Interpret\040a\040confidence\040interval\040for\040the\040population\040value\040of\040a\040regression\040coefficient\040or\040a\040predicted\040value\040for\040the\040depedent\040variable\040if\040an\040estimated\040regression\040model.}{section.2}% 16
\BOOKMARK [2][-]{subsection.2.4}{2.4\040Assumptions\040of\040a\040multiple\040regresssion\040model}{section.2}% 17
\BOOKMARK [2][-]{subsection.2.5}{2.5\040Calculate\040and\040interpret\040F-statistic}{section.2}% 18
\BOOKMARK [2][-]{subsection.2.6}{2.6\040Distinguish\040between\040R2\040and\040adjusted\040R2}{section.2}% 19
\BOOKMARK [2][-]{subsection.2.7}{2.7\040Evaluate\040the\040quality\040of\040a\040regression\040model\040by\040analyzing\040the\040ouput\040of\040the\040equation/ANOVA\040table}{section.2}% 20
\BOOKMARK [2][-]{subsection.2.8}{2.8\040Formulate\040a\040multiple\040regression\040with\040dummpy\040variables\040to\040represent\040qualitative\040factors}{section.2}% 21
\BOOKMARK [2][-]{subsection.2.9}{2.9\040Why\040multiple\040regression\040isn't\040as\040easy\040as\040it\040looks?}{section.2}% 22
\BOOKMARK [2][-]{subsection.2.10}{2.10\040Types\040of\040Heteroskedasticity,\040how\040heteroskedasiticity\040and\040serial\040correlation\040affect\040inference}{section.2}% 23
\BOOKMARK [2][-]{subsection.2.11}{2.11\040Multicolinearity\040and\040its\040cause\040and\040effects\040in\040regression\040analysis}{section.2}% 24
\BOOKMARK [2][-]{subsection.2.12}{2.12\040Model\040misspecification}{section.2}% 25
\BOOKMARK [2][-]{subsection.2.13}{2.13\040Models\040with\040qualitive\040dependent\040variables}{section.2}% 26
\BOOKMARK [1][-]{section.3}{3\040Reading\04011:\040Time-Series\040Analysis}{}% 27
\BOOKMARK [2][-]{subsection.3.1}{3.1\040Calculate/evaluate\040the\040predicted\040trend\040value\040for\040a\040time\040series\040given\040the\040estimated\040trend\040coefficients}{section.3}% 28
\BOOKMARK [2][-]{subsection.3.2}{3.2\040Factors\040that\040determine\040whether\040a\040linear\040or\040a\040log-linear\040model\040trend\040should\040be\040used}{section.3}% 29
\BOOKMARK [2][-]{subsection.3.3}{3.3\040Autoregressive\040model,\040requirements\040for\040covariance\040statinoary}{section.3}% 30
\BOOKMARK [2][-]{subsection.3.4}{3.4\040An\040autogressive\040model\040of\040order\040p}{section.3}% 31
\BOOKMARK [2][-]{subsection.3.5}{3.5\040How\040the\040residuals\040can\040be\040used\040to\040test\040the\040autogressive\040model}{section.3}% 32
\BOOKMARK [2][-]{subsection.3.6}{3.6\040Mean\040reversion\040and\040a\040mean-reverting\040level}{section.3}% 33
\BOOKMARK [2][-]{subsection.3.7}{3.7\040Contrast\040in-sample\040and\040out-of-sample\040forecasts\040and\040the\040forecasting\040accuracy\040of\040different\040time-series\040models\040based\040on\040the\040root\040mean\040squared\040error\040criterion.}{section.3}% 34
\BOOKMARK [2][-]{subsection.3.8}{3.8\040Explain\040the\040instability\040of\040coefficients\040of\040time-series\040models}{section.3}% 35
\BOOKMARK [2][-]{subsection.3.9}{3.9\040Random\040walk\040processes\040and\040their\040comparisons\040between\040covariance\040stationary\040processes}{section.3}% 36
\BOOKMARK [2][-]{subsection.3.10}{3.10\040Things\040about\040unit\040roots:\040when\040they\040will\040occur,\040how\040to\040test\040them,\040how\040to\040transform\040data\040to\040apply\040AR}{section.3}% 37
\BOOKMARK [2][-]{subsection.3.11}{3.11\040How\040to\040test\040and\040correct\040for\040seasonality\040in\040a\040time-series\040model,\040and\040calculate\040and\040interpret\040a\040forecasted\040value\040using\040an\040AR\040model\040with\040a\040sesonal\040lag.}{section.3}% 38
\BOOKMARK [2][-]{subsection.3.12}{3.12\040Explain\040autogressive\040conditional\040heteroskedasticity\040\(ARCH\)\040and\040describe\040how\040ARCH\040models\040can\040be\040applied\040to\040predict\040the\040variance\040of\040a\040time\040series}{section.3}% 39
\BOOKMARK [2][-]{subsection.3.13}{3.13\040Explain\040How\040time-series\040variables\040should\040be\040analyzed\040for\040nonstationarity\040and/or\040cointegration\040before\040use\040ain\040a\040linear\040regression}{section.3}% 40
\BOOKMARK [1][-]{section.4}{4\040Reading\04012:\040Probabilistic\040Approaches:\040Scenario\040Analysis,\040Decision\040Trees,\040and\040Simulations}{}% 41
\BOOKMARK [2][-]{subsection.4.1}{4.1\040Describe\040steps\040in\040a\040simulatino,\040Explain\040three\040ways\040to\040define\040the\040probability\040distributions\040for\040a\040simulation's\040variable,\040and\040describe\040how\040to\040treat\040correlation\040accross\040variables\040in\040a\040simulation.}{section.4}% 42
\BOOKMARK [2][-]{subsection.4.2}{4.2\040Describe\040advantages\040of\040using\040simulations\040in\040decision\040making}{section.4}% 43
\BOOKMARK [2][-]{subsection.4.3}{4.3\040Describe\040some\040common\040constraints\040introduced\040into\040simulations}{section.4}% 44
\BOOKMARK [2][-]{subsection.4.4}{4.4\040Describe\040issues\040in\040using\040simulations\040in\040risk\040assessment}{section.4}% 45
\BOOKMARK [2][-]{subsection.4.5}{4.5\040Compare\040scenario\040analysis,\040decision\040trees,\040and\040simulations}{section.4}% 46
\BOOKMARK [1][-]{section.5}{5\040Reading\04013:\040Currency\040Exchange\040Rates:\040Determination\040and\040Forecasting}{}% 47
\BOOKMARK [2][-]{subsection.5.1}{5.1\040Calculate\040and\040interpret\040the\040bid-ask\040spread}{section.5}% 48
\BOOKMARK [2][-]{subsection.5.2}{5.2\040Identify\040a\040triangular\040arbitrage\040opportunity\040and\040calculate\040its\040profit}{section.5}% 49
\BOOKMARK [2][-]{subsection.5.3}{5.3\040Distinguish\040between\040spot\040and\040forward\040rates\040and\040calculate\040the\040forward\040premium/discont\040for\040a\040given\040currency}{section.5}% 50
\BOOKMARK [2][-]{subsection.5.4}{5.4\040Explaining\040international\040parity\040relations\040\(covered\040and\040uncovered\040interest\040rate\040parity,\040purchasing\040power\040parity,\040and\040the\040international\040Fisher\040effect\)}{section.5}% 51
\BOOKMARK [2][-]{subsection.5.5}{5.5\040Describe\040the\040relations\040among\040the\040international\040parity\040conditions}{section.5}% 52
\BOOKMARK [2][-]{subsection.5.6}{5.6\040Evaluate\040the\040use\040of\040the\040current\040spot\040rate,\040the\040forward\040rate,\040purchasing\040parity\040and\040uncovered\040interest\040parity\040to\040forecast\040future\040spot\040exchange\040rates}{section.5}% 53
\BOOKMARK [2][-]{subsection.5.7}{5.7\040Explain\040how\040flows\040in\040the\040balance\040of\040payment\040accounts\040affect\040currency\040exchange\040rates}{section.5}% 54
\BOOKMARK [2][-]{subsection.5.8}{5.8\040Explain\040approaches\040to\040assessing\040the\040long-run\040fair\040value\040of\040an\040exchange\040rate}{section.5}% 55
\BOOKMARK [2][-]{subsection.5.9}{5.9\040Describe\040the\040carry\040trade\040and\040its\040relation\040to\040uncovered\040interest\040rate\040parity\040and\040calculate\040the\040profit\040from\040a\040carry\040trade.}{section.5}% 56
\BOOKMARK [2][-]{subsection.5.10}{5.10\040Describe\040the\040Mundell-Fleming\040model,\040the\040monetary\040approach\040and\040the\040asset\040market\040approach\040to\040exchange\040rate\040determination.}{section.5}% 57
\BOOKMARK [2][-]{subsection.5.11}{5.11\040Forecast\040the\040direction\040of\040the\040expected\040change\040in\040an\040exchange\040rate\040based\040on\040balance\040of\040payment,\040Mundell-Fleming,\040monetary,\040and\040asset\040market\040approaches\040to\040exchange\040rate\040determination.}{section.5}% 58
\BOOKMARK [2][-]{subsection.5.12}{5.12\040Explain\040the\040potential\040effects\040of\040monetary\040and\040fiscal\040policy\040on\040exchange\040rates.}{section.5}% 59
\BOOKMARK [2][-]{subsection.5.13}{5.13\040Objectives\040of\040central\040bank\040intervention\040and\040capital\040controls\040and\040describe\040the\040effectiveness\040of\040intervention\040and\040capital\040controls.}{section.5}% 60
\BOOKMARK [2][-]{subsection.5.14}{5.14\040Describe\040warning\040signs\040of\040currency\040crisis.}{section.5}% 61
\BOOKMARK [2][-]{subsection.5.15}{5.15\040Technical\040analysis}{section.5}% 62
\BOOKMARK [1][-]{section.6}{6\040Economic\040Growth\040and\040the\040Investment\040Decision}{}% 63
\BOOKMARK [2][-]{subsection.6.1}{6.1\040Compare\040factors\040favoring\040and\040limiting\040economic\040growth\040in\040developed\040and\040developing\040economies}{section.6}% 64
\BOOKMARK [2][-]{subsection.6.2}{6.2\040Describe\040the\040relation\040between\040the\040long-run\040rate\040of\040stock\040market\040appreciation\040and\040the\040sustainable\040groth\040rate\040of\040economy.}{section.6}% 65
\BOOKMARK [2][-]{subsection.6.3}{6.3\040Explain\040why\040potential\040GDP\040and\040its\040growth\040rate\040matter\040for\040equity\040and\040fixed\040income\040investors.}{section.6}% 66
\BOOKMARK [2][-]{subsection.6.4}{6.4\040Distinguish\040between\040capital\040deepening\040investment\040and\040technological\040progress\040and\040explain\040how\040each\040affects\040economic\040growth\040and\040labor\040productivity}{section.6}% 67
\BOOKMARK [2][-]{subsection.6.5}{6.5\040Forecase\040potential\040GDP\040based\040on\040growth\040accounting\040relations}{section.6}% 68
\BOOKMARK [2][-]{subsection.6.6}{6.6\040Explain\040how\040natural\040resources\040affect\040economic\040growth\040and\040evaluate\040the\040arument\040that\040limited\040availability\040of\040natural\040resources\040constrains\040economic\040growth}{section.6}% 69
\BOOKMARK [2][-]{subsection.6.7}{6.7\040Explain\040how\040demographics,\040immigration,\040and\040labor\040force\040participation\040affect\040the\040rate\040and\040sustainability\040of\040economic\040growth}{section.6}% 70
\BOOKMARK [2][-]{subsection.6.8}{6.8\040Explain\040how\040investment\040in\040physical\040capital,\040human\040capital,\040and\040technological\040development\040affects\040economic\040growth}{section.6}% 71
\BOOKMARK [2][-]{subsection.6.9}{6.9\040Compare\040classical\040growth\040theory,\040neoclassical\040growth\040theory,\040and\040endogenous\040growth\040theory}{section.6}% 72
\BOOKMARK [2][-]{subsection.6.10}{6.10\040Explain\040and\040evaluate\040convergence\040hypoteses}{section.6}% 73
\BOOKMARK [2][-]{subsection.6.11}{6.11\040Describe\040the\040economic\040rationale\040for\040governments\040to\040provide\040incentives\040to\040private\040investments\040in\040technology\040and\040knowledge.}{section.6}% 74
\BOOKMARK [2][-]{subsection.6.12}{6.12\040Describe\040the\040expected\040impact\040of\040removing\040trade\040barriers\040on\040capital\040investment\040and\040profits,\040employment\040and\040wages,\040and\040growth\040in\040the\040economies\040involved.}{section.6}% 75
\BOOKMARK [1][-]{section.7}{7\040Reading\04015:Economics\040of\040Regulation}{}% 76
\BOOKMARK [2][-]{subsection.7.1}{7.1\040Describe\040classifications\040of\040regulations\040and\040regulators}{section.7}% 77
\BOOKMARK [2][-]{subsection.7.2}{7.2\040Describe\040uses\040of\040self-regulation\040in\040financial\040markets}{section.7}% 78
\BOOKMARK [2][-]{subsection.7.3}{7.3\040Describe\040the\040economic\040rationale\040for\040regulatory\040intervention}{section.7}% 79
\BOOKMARK [2][-]{subsection.7.4}{7.4\040Describe\040regulatory\040interdependencies\040and\040their\040effects.}{section.7}% 80
\BOOKMARK [2][-]{subsection.7.5}{7.5\040Describe\040the\040tools\040of\040regulatory\040intervention\040in\040markets}{section.7}% 81
\BOOKMARK [2][-]{subsection.7.6}{7.6\040Explain\040purposes\040in\040regulating\040commerce\040and\040financial\040markets}{section.7}% 82
\BOOKMARK [2][-]{subsection.7.7}{7.7\040Describe\040anticompetitive\040behaviors\040targeted\040by\040antitrust\040laws\040globally\040and\040evaluate\040the\040antitrust\040risk\040associated\040with\040a\040given\040business\040strategy.}{section.7}% 83
\BOOKMARK [2][-]{subsection.7.8}{7.8\040Benefits\040and\040costs\040of\040regulation}{section.7}% 84
\BOOKMARK [2][-]{subsection.7.9}{7.9\040Evaluate\040how\040a\040specific\040regulation\040affects\040and\040industry\040companly,\040or\040security}{section.7}% 85
\BOOKMARK [1][-]{section.8}{8\040Reading\04016:\040Intercorporate\040Investments}{}% 86
\BOOKMARK [2][-]{subsection.8.1}{8.1\040Describe\040the\040classification,\040measurement,\040and\040disclosure\040under\040IFRS\040for\0401\)\040Investments\040in\040financial\040assets,\0402\)\040Investments\040in\040associates,\0403\)\040joint\040ventures,\0404\)\040bussiness\040combinations,\040and\0405\)\040special\040purpose\040and\040variable\040interest\040entities}{section.8}% 87
\BOOKMARK [2][-]{subsection.8.2}{8.2\040Distinguish\040between\040IFRS\040and\040US\040GAAP\040in\040the\040classification,\040measurement,\040and\040disclosure\040of\040things\040above.}{section.8}% 88
\BOOKMARK [1][-]{section.9}{9\040Reading\04017:\040Employee\040Compensation:\040Post-Employment\040and\040Share-Based}{}% 89
\BOOKMARK [2][-]{subsection.9.1}{9.1\040Descreibe\040the\040types\040of\040post-employment\040benefit\040plans\040and\040implications\040for\040financial\040reports}{section.9}% 90
\BOOKMARK [2][-]{subsection.9.2}{9.2\040Explain\040and\040calculate\040measures\040of\040a\040defined\040benefit\040pension\040obligation,\040i.e.,\040PV\040of\040the\040defined\040benefit\040obligation\040and\040projcted\040benefit\040obligation,\040and\040net\040pension\040liability.}{section.9}% 91
\BOOKMARK [2][-]{subsection.9.3}{9.3\040Describe\040the\040components\040of\040a\040company's\040defined\040benefit\040pension\040costs.}{section.9}% 92
\BOOKMARK [2][-]{subsection.9.4}{9.4\040Explain\040and\040calculate\040the\040effect\040of\040a\040defined\040benefit\040plan's\040assumptions\040on\040the\040defined\040benefit\040obligation\040and\040periodic\040pension\040cost.}{section.9}% 93
\BOOKMARK [2][-]{subsection.9.5}{9.5\040Explain\040and\040calculate\040how\040adjusting\040for\040items\040of\040pension\040and\040other\040post-employment\040benefits\040affect\040financial\040stmts\040and\040ratios.}{section.9}% 94
\BOOKMARK [2][-]{subsection.9.6}{9.6\040Interpret\040pension\040plan\040note\040disclosures\040including\040cash\040flow\040related\040information.}{section.9}% 95
\BOOKMARK [2][-]{subsection.9.7}{9.7\040Explain\040issues\040associated\040with\040accounting\040for\040share-based\040compensation}{section.9}% 96
\BOOKMARK [2][-]{subsection.9.8}{9.8\040Explain\040how\040accounting\040for\040stock\040grants\040and\040stock\040options\040affects\040financial\040stmts,\040and\040the\040importance\040of\040companies\040assumptions\040in\040valuing\040these\040grants\040and\040options.}{section.9}% 97
\BOOKMARK [1][-]{section.10}{10\040Reading\04018:\040Multinational\040Operations}{}% 98
\BOOKMARK [2][-]{subsection.10.1}{10.1\040Distinguish\040among\040presentation\040currency,\040functional\040currency\040and\040local\040currency.}{section.10}% 99
\BOOKMARK [2][-]{subsection.10.2}{10.2\040Describe\040foreign\040currency\040transaction\040exposure,\040including\040accounting\040for\040and\040disclosures\040about\040foreign\040currency\040transaction\040gains\040and\040losses}{section.10}% 100
\BOOKMARK [2][-]{subsection.10.3}{10.3\040Analyze\040how\040changes\040in\040exchange\040rates\040affect\040the\040translated\040sales\040of\040the\040subsidiary\040and\040parent\040company}{section.10}% 101
\BOOKMARK [2][-]{subsection.10.4}{10.4\040Compare\040the\040current\040rate\040method\040and\040the\040temporal\040method,\040evaluate\040how\040each\040affects\040the\040parent\040company's\040balance\040sheet\040and\040income\040stmt,\040and\040determine\040which\040method\040is\040appropriate\040in\040variuos\040scenarios.}{section.10}% 102
\BOOKMARK [2][-]{subsection.10.5}{10.5\040Calculate\040the\040translation\040effects\040and\040evaluate\040the\040translation\040of\040a\040subsidiary's\040balance\040sheet\040and\040income\040}{section.10}% 103
\BOOKMARK [2][-]{subsection.10.6}{10.6\040Analyze\040how\040the\040current\040rate\040method\040and\040the\040temporal\040method\040affect\040financial\040statements\040and\040ratios.}{section.10}% 104
\BOOKMARK [2][-]{subsection.10.7}{10.7\040Analyze\040how\040alternative\040translation\040methods\040for\040subsidiaries\040operating\040in\040hyperinflationary\040economies\040affect\040financial\040stmts&\040ratios}{section.10}% 105
\BOOKMARK [2][-]{subsection.10.8}{10.8\040Describe\040how\040multinational\040operations\040affect\040a\040company's\040effective\040tax\040rate}{section.10}% 106
\BOOKMARK [2][-]{subsection.10.9}{10.9\040Explain\040how\040changes\040in\040the\040components\040of\040sales\040affect\040the\040sustainability\040of\040sales\040growth}{section.10}% 107
\BOOKMARK [2][-]{subsection.10.10}{10.10\040Analyze\040how\040currency\040fluctuations\040potentially\040affect\040financial\040results,\040given\040a\040company's\040countries\040of\040operation}{section.10}% 108
\BOOKMARK [1][-]{section.11}{11\040Evaluating\040Quality\040of\040Financial\040Reports}{}% 109
\BOOKMARK [2][-]{subsection.11.1}{11.1\040Demonstrate\040the\040use\040of\040a\040conceptual\040framework\040for\040assesing\040the\040quality\040of\040a\040company's\040financial\040reports}{section.11}% 110
\BOOKMARK [2][-]{subsection.11.2}{11.2\040Explain\040potential\040problems\040that\040affect\040the\040quality\040of\040financial\040reports}{section.11}% 111
\BOOKMARK [2][-]{subsection.11.3}{11.3\040Describe\040how\040to\040evaluate\040the\040quality\040of\040a\040company's\040financial\040reports}{section.11}% 112
\BOOKMARK [2][-]{subsection.11.4}{11.4\040Evaluate\040the\040quality\040of\040a\040company's\040financial\040reports}{section.11}% 113
\BOOKMARK [2][-]{subsection.11.5}{11.5\040Describe\040indicators\040of\040earnings\040quality}{section.11}% 114
\BOOKMARK [2][-]{subsection.11.6}{11.6\040Describe\040the\040concept\040of\040sustainable\040earnings}{section.11}% 115
\BOOKMARK [2][-]{subsection.11.7}{11.7\040Explain\040mean\040reversion\040in\040earnings\040and\040how\040the\040accruals\040component\040of\040earnings\040affects\040the\040speed\040of\040mean\040reversion}{section.11}% 116
\BOOKMARK [2][-]{subsection.11.8}{11.8\040Evaluate\040the\040earnings\040quality\040of\040a\040company}{section.11}% 117
\BOOKMARK [2][-]{subsection.11.9}{11.9\040Describe\040indicators\040of\040cash\040flow\040quality}{section.11}% 118
\BOOKMARK [2][-]{subsection.11.10}{11.10\040Evaluate\040the\040cash\040flow\040quality\040of\040a\040company}{section.11}% 119
\BOOKMARK [2][-]{subsection.11.11}{11.11\040Describe\040indicators\040of\040balance\040sheet\040quality}{section.11}% 120
\BOOKMARK [2][-]{subsection.11.12}{11.12\040Evaluate\040the\040balance\040sheet\040quality\040of\040a\040company}{section.11}% 121
\BOOKMARK [2][-]{subsection.11.13}{11.13\040Describe\040sources\040of\040information\040about\040risk}{section.11}% 122
\BOOKMARK [1][-]{section.12}{12\040Reading\04020:\040Integration\040of\040Financial\040Statement\040Analysis\040Techniques}{}% 123
\BOOKMARK [2][-]{subsection.12.1}{12.1\040Demonstrate\040the\040use\040of\040a\040framework\040for\040the\040analysis\040of\040financial\040statements,\040given\040a\040particular\040problem,\040question,\040or\040purpose.\040\(e.g.,\040valuing\040equity\040based\040on\040comparables,\040critiquing\040a\040credit\040rating,\040obtaining\040a\040comprehensive\040picture\040of\040financial\040leverage,\040evaluting\040the\040perspectives\040given\040in\040management's\040discussion\040of\040financial\040results\)}{section.12}% 124
\BOOKMARK [2][-]{subsection.12.2}{12.2\040Identify\040financial\040reporting\040choices\040and\040biases\040that\040affect\040the\040quality\040and\040comparability\040of\040companies'\040financial\040statements\040and\040explain\040how\040such\040biases\040may\040affect\040financial\040decisions}{section.12}% 125
\BOOKMARK [2][-]{subsection.12.3}{12.3\040Analyze\040and\040interpret\040how\040balance\040sheet\040modifications,\040earnings\040normalization,\040and\040cash\040flow\040statement\040related\040modifications\040affect\040a\040company's\040financial\040statements,\040financial\040ratios,\040and\040overall\040financial\040condition}{section.12}% 126
\BOOKMARK [2][-]{subsection.12.4}{12.4\040Evaluate\040the\040quality\040of\040a\040company's\040financial\040data\040and\040recommend\040appropriate\040adjustments\040to\040improve\040quality\040and\040comparability\040with\040similar\040companies,\040including\040adjustments\040for\040differences\040in\040accounting\040standards,\040methods,\040and\040assumptions.}{section.12}% 127
\BOOKMARK [1][-]{section.13}{13\040Reading\04021:\040Capital\040Budgeting}{}% 128
\BOOKMARK [2][-]{subsection.13.1}{13.1\040Calculate\040the\040yearly\040cash\040flows\040of\040expansion\040and\040replacement\040capital\040projects\040and\040evaluate\040how\040the\040choice\040of\040depreciation\040method\040affects\040those\040cash\040flows}{section.13}% 129
\BOOKMARK [2][-]{subsection.13.2}{13.2\040Expain\040how\040inflation\040affects\040capital\040budgeting\040analysis}{section.13}% 130
\BOOKMARK [2][-]{subsection.13.3}{13.3\040Evaluate\040cpaital\040projects\040and\040determine\040the\040optimal\040capital\040project\040in\040situation\040of\0401\)Mutally\040exclusive\040projects\040with\040unequal\040lives,\040using\040either\040the\040least\040common\040multiple\040of\040lives\040approach\040or\040the\040equivalent\040annual\040annuity\040approach,\040and\0402\)\040capital\040rationing.}{section.13}% 131
\BOOKMARK [2][-]{subsection.13.4}{13.4\040Explain\040how\040sensitivity\040analysis,\040scenario\040analysis,\040and\040Monte\040Carlo\040simulation\040can\040be\040used\040to\040asses\040the\040stand-alone\040risk\040of\040a\040capital\040project.}{section.13}% 132
\BOOKMARK [2][-]{subsection.13.5}{13.5\040Explain\040and\040calculate\040the\040discount\040rate,\040based\040on\040market\040risk\040methods,\040to\040use\040in\040valuing\040a\040capital\040project}{section.13}% 133
\BOOKMARK [2][-]{subsection.13.6}{13.6\040Describe\040types\040of\040real\040options\040and\040evaluate\040a\040capital\040project\040using\040real\040options}{section.13}% 134
\BOOKMARK [2][-]{subsection.13.7}{13.7\040Describe\040common\040capital\040budgeting\040pmistaks}{section.13}% 135
\BOOKMARK [2][-]{subsection.13.8}{13.8\040Calculate\040and\040interpreat\040accounting\040income\040and\040economic\040income\040in\040the\040context\040of\040capital\040budgeting.}{section.13}% 136
\BOOKMARK [2][-]{subsection.13.9}{13.9\040Distinguish\040among\040the\040economic\040profic,\040residual\040income,\040and\040claims\040valuation\040models\040for\040capital\040budgeting\040and\040evaluate\040a\040capital\040project\040using\040each}{section.13}% 137
\BOOKMARK [1][-]{section.14}{14\040Reading\04022:\040Captial\040Structure}{}% 138
\BOOKMARK [2][-]{subsection.14.1}{14.1\040Capital\040Structure\040Theory}{section.14}% 139
\BOOKMARK [2][-]{subsection.14.2}{14.2\040Expalin\040the\040Modigliani-Miller\040propositions\040regarding\040capital\040structure,\040including\040the\040effects\040of\040levergae,\040taxes,\040financial\040distress,\040agency\040costs,\040and\040asymmetric\040information\040on\040a\040company's\040cost\040of\040equity,\040cost\040of\040capital,\040and\040optimal\040capital\040structure}{section.14}% 140
\BOOKMARK [2][-]{subsection.14.3}{14.3\040Describe\040target\040capital\040structure\040and\040explian\040why\040a\040compny's\040actual\040captial\040structure\040may\040flucturate\040around\040its\040target.}{section.14}% 141
\BOOKMARK [2][-]{subsection.14.4}{14.4\040Describe\040the\040role\040of\040debt\040ratings\040in\040captial\040structure\040policy}{section.14}% 142
\BOOKMARK [2][-]{subsection.14.5}{14.5\040Explain\040factors\040an\040analysis\040should\040consider\040in\040evaluating\040the\040effect\040of\040capital\040structure\040policy\040on\040valuation.}{section.14}% 143
\BOOKMARK [2][-]{subsection.14.6}{14.6\040Describe\040internationa\040differences\040in\040the\040use\040of\040financial\040leverage,\040factors\040that\040expalin\040these\040differences\040and\040implications\040of\040these\040differences\040for\040investment\040analysis}{section.14}% 144
\BOOKMARK [1][-]{section.15}{15\040Dividends\040and\040Share\040Repurchases:\040Analysiss}{}% 145
\BOOKMARK [2][-]{subsection.15.1}{15.1\040Compare\040theories\040of\040dividend\040policy\040and\040explain\040implications\040of\040each\040for\040share\040value\040given\040a\040describption\040of\040a\040corporate\040dividend\040action}{section.15}% 146
\BOOKMARK [2][-]{subsection.15.2}{15.2\040Describe\040types\040of\040information\040\(signals\)\040that\040dividend\040initiations,\040increases,\040decreases,\040and\040omissions\040may\040convey}{section.15}% 147
\BOOKMARK [2][-]{subsection.15.3}{15.3\040Expain\040how\040clientele\040effects\040and\040agency\040issues\040may\040affect\040a\040company's\040payout\040policy.}{section.15}% 148
\BOOKMARK [2][-]{subsection.15.4}{15.4\040Explain\040factors\040that\040affect\040dividend\040policy.}{section.15}% 149
\BOOKMARK [2][-]{subsection.15.5}{15.5\040Calculate\040and\040interpret\040the\040effective\040tax\040rate\040on\040a\040given\040currency\040unit\040of\040corporate\040earnings\040under\040double\040taxation,\040dividend\040imputation,\040and\040split-rate\040tax\040systems.}{section.15}% 150
\BOOKMARK [2][-]{subsection.15.6}{15.6\040Compare\040stable\040dividend,\040constant\040dividend\040payout\040ratio,\040and\040residual\040dividend\040payout\040policies,\040and\040calculate\040the\040diviend\040under\040each\040policy.}{section.15}% 151
\BOOKMARK [2][-]{subsection.15.7}{15.7\040Explain\040the\040choice\040between\040paying\040cash\040dividends\040and\040repurchasing\040shares}{section.15}% 152
\BOOKMARK [2][-]{subsection.15.8}{15.8\040Describe\040broad\040trends\040in\040corporate\040dividend\040policies}{section.15}% 153
\BOOKMARK [2][-]{subsection.15.9}{15.9\040Calculate\040and\040interpret\040dividend\040coverage\040ratios\040based\040on\0401\)\040net\040income\040and\0402\)\040free\040cash\040flow.}{section.15}% 154
\BOOKMARK [2][-]{subsection.15.10}{15.10\040Identify\040characteristics\040of\040companies\040that\040may\040not\040be\040able\040to\040sustain\040their\040cash\040dividend.}{section.15}% 155
\BOOKMARK [1][-]{section.16}{16\040Reading\04024:\040Corporate\040Performance,\040Governance,\040and\040Business\040Ethics}{}% 156
\BOOKMARK [2][-]{subsection.16.1}{16.1\040Compare\040interest\040of\040key\040stakeholders\040gropus\040and\040explain\040the\040purpose\040of\040a\040stakeholder\040impact\040analysis}{section.16}% 157
\BOOKMARK [2][-]{subsection.16.2}{16.2\040Discuss\040problems\040that\040can\040arise\040in\040principal-agent\040relationships\040and\040mechanism\040that\040may\040mitigate\040such\040problems.}{section.16}% 158
\BOOKMARK [2][-]{subsection.16.3}{16.3\040Discuss\040roots\040of\040unethical\040behavior\040and\040how\040managers\040might\040ensure\040that\040ethical\040issues\040are\040considered\040in\040business\040decision\040making}{section.16}% 159
\BOOKMARK [2][-]{subsection.16.4}{16.4\040Compare\040the\040Friedman\040doctrine,\040Utilitarianism,\040Kantian\040Ethics,\040and\040Rights\040and\040Justicee\040Theories\040as\040approches\040to\040ethical\040decision\040making}{section.16}% 160
\BOOKMARK [1][-]{section.17}{17\040Reading\04025:\040Corporate\040Governance}{}% 161
\BOOKMARK [2][-]{subsection.17.1}{17.1\040Describe\040objectives\040and\040core\040attributes\040of\040an\040effective\040corporate\040governance\040system\040and\040evaluate\040whether\040a\040company's\040corporate\040goverence\040has\040those\040attributes}{section.17}% 162
\BOOKMARK [2][-]{subsection.17.2}{17.2\040Compare\040major\040business\040forms\040and\040describe\040the\040confilicts\040of\040interests\040associated\040with\040each}{section.17}% 163
\BOOKMARK [2][-]{subsection.17.3}{17.3\040Explain\040confilicts\040that\040arise\040in\040agency\040relationships,\040including\040manager-shareholder\040conflicts\040and\040director-shareholder\040conflicts}{section.17}% 164
\BOOKMARK [2][-]{subsection.17.4}{17.4\040Describe\040the\040responsibilities\040of\040the\040board\040of\040directors\040and\040explain\040quaifications\040and\040core\040competencies\040that\040an\040investment\040analyst\040should\040look\040for\040in\040the\040board\040of\040directors}{section.17}% 165
\BOOKMARK [2][-]{subsection.17.5}{17.5\040Explain\040effective\040corporate\040governance\040practice\040as\040it\040relates\040to\040the\040board\040of\040directors\040and\040evaluate\040strengths\040and\040weaknesses\040of\040a\040company's\040corporate\040governance\040practice}{section.17}% 166
\BOOKMARK [2][-]{subsection.17.6}{17.6\040Describe\040elements\040of\040a\040company's\040statement\040of\040corporate\040governance\040policies\040that\040investment\040analysts\040should\040assess.}{section.17}% 167
\BOOKMARK [2][-]{subsection.17.7}{17.7\040Describe\040environmental,\040social,\040and\040governance\040risk\040exposures}{section.17}% 168
\BOOKMARK [2][-]{subsection.17.8}{17.8\040Explain\040the\040valueation\040implications\040of\040corporate\040governance}{section.17}% 169
\BOOKMARK [1][-]{section.18}{18\040Mergers\040and\040Acquisitions}{}% 170
\BOOKMARK [2][-]{subsection.18.1}{18.1\040Classify\040merger\040and\040acquisition\040activities\040on\040forms\040of\040integration\040and\040relatedness\040of\040business\040activities}{section.18}% 171
\BOOKMARK [2][-]{subsection.18.2}{18.2\040Explain\040common\040motivations\040behind\040MA\040activity.}{section.18}% 172
\BOOKMARK [2][-]{subsection.18.3}{18.3\040Explain\040bootstrapping\040of\040earnings\040per\040share\040and\040calculate\040a\040company's\040postmerger\040EPs}{section.18}% 173
\BOOKMARK [2][-]{subsection.18.4}{18.4\040Explain,\040based\040on\040industry\040life\040cycles,\040the\040relation\040between\040merger\040motivations\040and\040types\040of\040mergers.}{section.18}% 174
\BOOKMARK [2][-]{subsection.18.5}{18.5\040Contrast\040merger\040transaction\040characteristics\040by\040form\040of\040acquisition,\040method\040of\040payment,\040and\040attitude\040of\040target\040management}{section.18}% 175
\BOOKMARK [2][-]{subsection.18.6}{18.6\040Distinguish\040among\040pre-offer\040and\040post-offer\040takeover\040defense\040mechanims}{section.18}% 176
\BOOKMARK [2][-]{subsection.18.7}{18.7\040Calculate\040and\040interpret\040the\040Herfindahl-Hirschman\040Index,\040and\040evaluate\040the\040likelihood\040of\040an\040antitrust\040challenge\040for\040a\040given\040business\040combination.}{section.18}% 177
\BOOKMARK [2][-]{subsection.18.8}{18.8\040Calculate\040free\040cash\040flows\040for\040a\040target\040company,\040and\040estimate\040the\040company's\040intrinsic\040value\040based\040on\040discount}{section.18}% 178
\BOOKMARK [2][-]{subsection.18.9}{18.9\040Estimat\040the\040value\040of\040a\040target\040company\040using\040comparable\040company\040and\040comparable\040transaction\040analyses}{section.18}% 179
\BOOKMARK [2][-]{subsection.18.10}{18.10\040Compare\040the\040discoutned\040cash\040flow,\040comparable\040company,\040and\040comparable\040transaction\040analyses\040for\040valuing\040a\040target\040company,\040including\040the\040advantages\040and\040disadvantages\040of\040each.}{section.18}% 180
\BOOKMARK [2][-]{subsection.18.11}{18.11\040Evaluate\040a\040takeover\040bid,\040and\040calculate\040the\040estimated\040post-acquisition\040value\040of\040an\040acquirer\040and\040the\040gains\040accrued\040to\040the\040target\040shareholders\040versus\040the\040acquirer\040shareholders.}{section.18}% 181
\BOOKMARK [2][-]{subsection.18.12}{18.12\040Explain\040how\040price\040and\040payment\040method\040affect\040the\040distribution\040of\040risks\040and\040benefits\040in\040M&A\040transactions}{section.18}% 182
\BOOKMARK [2][-]{subsection.18.13}{18.13\040Describe\040characteristics\040of\040M&A\040transactions\040that\040creat\040value}{section.18}% 183
\BOOKMARK [2][-]{subsection.18.14}{18.14\040Distinguish\040among\040equity\040carve-outs,\040spin-offs,\040split-offs\040and\040liquidation}{section.18}% 184
\BOOKMARK [2][-]{subsection.18.15}{18.15\040Explain\040common\040reasons\040for\040restructuring}{section.18}% 185
